[15:10:37] [Client thread/INFO]: Setting user: knowonehome
[15:10:50] [Client thread/WARN]: Skipping bad option: lastServer:
[15:10:50] [Client thread/INFO]: LWJGL Version: 2.9.2
[15:11:38] [Client thread/INFO]: Reloading ResourceManager: Default, FMLFileResourcePack:Forge Mod Loader, FMLFileResourcePack:Minecraft Forge, FMLFileResourcePack:Actually Additions, FMLFileResourcePack:AE2 Stuff, FMLFileResourcePack:Akashic Tome, FMLFileResourcePack:AppleCore, FMLFileResourcePack:AppleSkin, FMLFileResourcePack:Applied Energistics 2, FMLFileResourcePack:Aroma1997Core|Helper, FMLFileResourcePack:AutoRegLib, FMLFileResourcePack:Baubles, FMLFileResourcePack:BetterBedrockGen, FMLFileResourcePack:BD Lib, FMLFileResourcePack:Better Builder's Wands, FMLFileResourcePack:Biomes O' Plenty, FMLFileResourcePack:Blood Magic: Alchemical Wizardry, FMLFileResourcePack:Bookshelf, FMLFileResourcePack:Botania, FMLFileResourcePack:Brandon's Core, FMLFileResourcePack:Chameleon, FMLFileResourcePack:Chisel, FMLFileResourcePack:Chisels & Bits, FMLFileResourcePack:CodeChicken Core, FMLFileResourcePack:CodeChicken Lib, FMLFileResourcePack:Compact Solar Arrays, FMLFileResourcePack:ComputerCraft, FMLFileResourcePack:Controlling, FMLFileResourcePack:Cooking for Blockheads, FMLFileResourcePack:Crafting Tweaks, FMLFileResourcePack:CT-GUI, FMLFileResourcePack:MineTweaker 3, FMLFileResourcePack:Custom Main Menu, FMLFileResourcePack:Dark Utilities, FMLFileResourcePack:DeepResonance, FMLFileResourcePack:Default Options, FMLFileResourcePack:Draconic Evolution, FMLFileResourcePack:ElecCore, FMLFileResourcePack:EnderCore, FMLFileResourcePack:Ender IO, FMLFileResourcePack:EnderStorage, FMLFileResourcePack:Ender Zoo, FMLFileResourcePack:ExtraUtils2, FMLFileResourcePack:Extreme Reactors, FMLFileResourcePack:Fast Leaf Decay, FMLFileResourcePack:Flat Colored Blocks, FMLFileResourcePack:Forestry, FMLFileResourcePack:FTBLib, FMLFileResourcePack:FTBUtilities, FMLFileResourcePack:Funky Locomotion, FMLFileResourcePack:GenDustry, FMLFileResourcePack:Gravestone, FMLFileResourcePack:Guide-API, FMLFileResourcePack:Hardcore Questing Mode, FMLFileResourcePack:Immersive Engineering, FMLFileResourcePack:IndustrialCraft 2, FMLFileResourcePack:Simple Inventory sorting, FMLFileResourcePack:Inventory Tweaks, FMLFileResourcePack:Iron Backpacks, FMLFileResourcePack:Iron Chest, FMLFileResourcePack:Just Enough Items, FMLFileResourcePack:JEI Bees, FMLFileResourcePack:JourneyMap, FMLFileResourcePack:Just Enough Resources, FMLFileResourcePack:Light Level Overlay Reloaded, FMLFileResourcePack:Mantle, FMLFileResourcePack:MCMultiPart, FMLFileResourcePack:Mercurius, FMLFileResourcePack:Morph-o-Tool, FMLFileResourcePack:Morpheus, FMLFileResourcePack:Natura, FMLFileResourcePack:Not Enough Wands, FMLFileResourcePack:OpenComputers, FMLFileResourcePack:Pam's HarvestCraft, FMLFileResourcePack:Platforms, FMLFileResourcePack:Psi, FMLFileResourcePack:Quark, FMLFileResourcePack:Railcraft, FMLFileResourcePack:Random Things, FMLFileResourcePack:Ranged Pumps, FMLFileResourcePack:Refined Storage, FMLFileResourcePack:Reliquary, FMLFileResourcePack:Resource Loader, FMLFileResourcePack:RFTools, FMLFileResourcePack:RFTools Control, FMLFileResourcePack:RFTools Dimensions, FMLFileResourcePack:ShetiPhian-Core, FMLFileResourcePack:Signals, FMLFileResourcePack:Storage Drawers, FMLFileResourcePack:Super Circuit Maker, FMLFileResourcePack:Tinkers' Construct, FMLFileResourcePack:The One Probe, FMLFileResourcePack:Vein Miner, FMLFileResourcePack:Mod Support, FMLFileResourcePack:Waila, FMLFileResourcePack:Waila Harvestability, FMLFileResourcePack:I Can See Everything, FMLFileResourcePack:What Are We Looking At, FMLFileResourcePack:Zero CORE, CustomResources, CustomOverridingResources
[15:14:08] [Client thread/WARN]: Invalid sounds.json
java.lang.NullPointerException
	at net.minecraft.client.audio.SoundHandler.func_110549_a(SourceFile:82) [bzw.class:?]
	at net.minecraft.client.resources.SimpleReloadableResourceManager.func_110542_a(SimpleReloadableResourceManager.java:122) [bxi.class:?]
	at net.minecraft.client.Minecraft.func_71384_a(Minecraft.java:446) [bcx.class:?]
	at net.minecraft.client.Minecraft.func_99999_d(Minecraft.java:351) [bcx.class:?]
	at net.minecraft.client.main.Main.main(SourceFile:124) [Main.class:?]
	at sun.reflect.NativeMethodAccessorImpl.invoke0(Native Method) ~[?:1.8.0_91]
	at sun.reflect.NativeMethodAccessorImpl.invoke(NativeMethodAccessorImpl.java:62) ~[?:1.8.0_91]
	at sun.reflect.DelegatingMethodAccessorImpl.invoke(DelegatingMethodAccessorImpl.java:43) ~[?:1.8.0_91]
	at java.lang.reflect.Method.invoke(Method.java:498) ~[?:1.8.0_91]
	at net.minecraft.launchwrapper.Launch.launch(Launch.java:135) [launchwrapper-1.12.jar:?]
	at net.minecraft.launchwrapper.Launch.main(Launch.java:28) [launchwrapper-1.12.jar:?]
[15:14:08] [Client thread/WARN]: File minecraft:sounds/deep_rumble.ogg does not exist, cannot add it to event rftoolsdim:deep_rumble
[15:14:08] [Client thread/WARN]: File minecraft:sounds/teleport_whoosh.ogg does not exist, cannot add it to event rftoolsdim:teleport_whoosh
[15:14:08] [Client thread/WARN]: File minecraft:sounds/teleport_error.ogg does not exist, cannot add it to event rftoolsdim:teleport_error
[15:14:08] [Client thread/WARN]: File minecraft:sounds/wolfhowl.ogg does not exist, cannot add it to event rftoolsdim:wolfhowl
[15:14:08] [Sound Library Loader/INFO]: Starting up SoundSystem...
[15:14:08] [Client thread/ERROR]: ########## GL ERROR ##########
[15:14:08] [Client thread/ERROR]: @ Pre startup
[15:14:08] [Client thread/ERROR]: 1281: Invalid value
[15:14:08] [Thread-16/INFO]: Initializing LWJGL OpenAL
[15:14:08] [Thread-16/INFO]: (The LWJGL binding of OpenAL.  For more information, see http://www.lwjgl.org)
[15:14:08] [Thread-16/INFO]: OpenAL initialized.
[15:14:08] [Sound Library Loader/INFO]: Sound engine started
[15:14:55] [Client thread/INFO]: Created: 16x16 textures-atlas
[15:14:56] [Client thread/WARN]: Unable to resolve texture due to upward reference: #side in immersiveengineering:models/block/ieScaffolding
[15:14:56] [Client thread/WARN]: Unable to resolve texture due to upward reference: #side in immersiveengineering:models/block/ieScaffolding
[15:14:57] [Client thread/WARN]: Unable to resolve texture due to upward reference: #side in immersiveengineering:models/block/ieScaffolding
[15:14:57] [Client thread/WARN]: Unable to resolve texture due to upward reference: #side in immersiveengineering:models/block/ieScaffolding
[15:14:57] [Client thread/WARN]: Unable to resolve texture due to upward reference: #side in immersiveengineering:models/block/ieScaffolding
[15:14:57] [Client thread/WARN]: Unable to resolve texture due to upward reference: #side in immersiveengineering:models/block/ieScaffolding
[15:14:57] [Client thread/WARN]: Unable to resolve texture due to upward reference: #side in immersiveengineering:models/block/ieScaffolding
[15:14:57] [Client thread/WARN]: Unable to resolve texture due to upward reference: #side in immersiveengineering:models/block/ieScaffolding
[15:14:57] [Client thread/WARN]: Unable to resolve texture due to upward reference: #side in immersiveengineering:models/block/ieScaffolding
[15:14:57] [Client thread/WARN]: Unable to resolve texture due to upward reference: #side in immersiveengineering:models/block/ieScaffolding
[15:14:58] [Client thread/WARN]: Unable to resolve texture due to upward reference: #side in immersiveengineering:models/block/ieScaffolding
[15:14:58] [Client thread/WARN]: Unable to resolve texture due to upward reference: #side in immersiveengineering:models/block/ieScaffolding
[15:14:58] [Client thread/WARN]: Unable to resolve texture due to upward reference: #side in immersiveengineering:models/block/ieScaffolding
[15:14:58] [Client thread/WARN]: Unable to resolve texture due to upward reference: #side in immersiveengineering:models/block/ieScaffolding
[15:14:58] [Client thread/WARN]: Unable to resolve texture due to upward reference: #side in immersiveengineering:models/block/ieScaffolding
[15:14:58] [Client thread/WARN]: Unable to resolve texture due to upward reference: #side in immersiveengineering:models/block/ieScaffolding
[15:14:58] [Client thread/WARN]: Unable to resolve texture due to upward reference: #side in immersiveengineering:models/block/ieScaffolding
[15:14:58] [Client thread/WARN]: Unable to resolve texture due to upward reference: #side in immersiveengineering:models/block/ieScaffolding
[15:14:58] [Client thread/WARN]: Unable to resolve texture due to upward reference: #side in immersiveengineering:models/block/ieScaffolding
[15:14:59] [Client thread/WARN]: Unable to resolve texture due to upward reference: #side in immersiveengineering:models/block/ieScaffolding
[15:14:59] [Client thread/WARN]: Unable to resolve texture due to upward reference: #side in immersiveengineering:models/block/ieScaffolding
[15:14:59] [Client thread/WARN]: Unable to resolve texture due to upward reference: #pane in chisel:models/block/pane/pane_n
[15:14:59] [Client thread/WARN]: Unable to resolve texture due to upward reference: #pane in chisel:models/block/pane/pane_n
[15:14:59] [Client thread/WARN]: Unable to resolve texture due to upward reference: #pane in chisel:models/block/pane/pane_n
[15:14:59] [Client thread/WARN]: Unable to resolve texture due to upward reference: #pane in chisel:models/block/pane/pane_n
[15:14:59] [Client thread/WARN]: Unable to resolve texture due to upward reference: #pane in chisel:models/block/pane/pane_ne
[15:14:59] [Client thread/WARN]: Unable to resolve texture due to upward reference: #pane in chisel:models/block/pane/pane_ne
[15:14:59] [Client thread/WARN]: Unable to resolve texture due to upward reference: #pane in chisel:models/block/pane/pane_ne
[15:14:59] [Client thread/WARN]: Unable to resolve texture due to upward reference: #pane in chisel:models/block/pane/pane_ne
[15:14:59] [Client thread/WARN]: Unable to resolve texture due to upward reference: #pane in chisel:models/block/pane/pane_ns
[15:14:59] [Client thread/WARN]: Unable to resolve texture due to upward reference: #pane in chisel:models/block/pane/pane_ns
[15:14:59] [Client thread/WARN]: Unable to resolve texture due to upward reference: #pane in chisel:models/block/pane/pane_nse
[15:14:59] [Client thread/WARN]: Unable to resolve texture due to upward reference: #pane in chisel:models/block/pane/pane_nse
[15:14:59] [Client thread/WARN]: Unable to resolve texture due to upward reference: #pane in chisel:models/block/pane/pane_nse
[15:14:59] [Client thread/WARN]: Unable to resolve texture due to upward reference: #pane in chisel:models/block/pane/pane_nse
[15:14:59] [Client thread/WARN]: Unable to resolve texture due to upward reference: #side in immersiveengineering:models/block/ieScaffolding
[15:14:59] [Client thread/WARN]: Unable to resolve texture due to upward reference: #side in immersiveengineering:models/block/ieScaffolding
[15:14:59] [Client thread/WARN]: Unable to resolve texture due to upward reference: #side in immersiveengineering:models/block/ieScaffolding
[15:14:59] [Client thread/WARN]: Unable to resolve texture due to upward reference: #side in immersiveengineering:models/block/ieScaffolding
[15:15:00] [Client thread/WARN]: Unable to resolve texture due to upward reference: #side in immersiveengineering:models/block/ieScaffolding
[15:15:00] [Client thread/WARN]: Unable to resolve texture due to upward reference: #side in immersiveengineering:models/block/ieScaffolding
[15:15:00] [Client thread/WARN]: Unable to resolve texture due to upward reference: #side in immersiveengineering:models/block/ieScaffolding
[15:15:00] [Client thread/WARN]: Unable to resolve texture due to upward reference: #side in immersiveengineering:models/block/ieScaffolding
[15:15:00] [Client thread/WARN]: Unable to resolve texture due to upward reference: #side in immersiveengineering:models/block/ieScaffolding
[15:15:01] [Client thread/WARN]: Unable to resolve texture due to upward reference: #side in immersiveengineering:models/block/ieScaffolding
[15:15:01] [Client thread/WARN]: Unable to resolve texture due to upward reference: #side in immersiveengineering:models/block/ieScaffolding
[15:15:01] [Client thread/WARN]: Unable to resolve texture due to upward reference: #side in immersiveengineering:models/block/ieScaffolding
[15:15:01] [Client thread/WARN]: Unable to resolve texture due to upward reference: #side in immersiveengineering:models/block/ieScaffolding
[15:15:01] [Client thread/WARN]: Unable to resolve texture due to upward reference: #side in immersiveengineering:models/block/ieScaffolding
[15:15:01] [Client thread/WARN]: Unable to resolve texture due to upward reference: #side in immersiveengineering:models/block/ieScaffolding
[15:15:01] [Client thread/WARN]: Unable to resolve texture due to upward reference: #side in immersiveengineering:models/block/ieScaffolding
[15:15:02] [Client thread/WARN]: Unable to resolve texture due to upward reference: #side in immersiveengineering:models/block/ieScaffolding
[15:15:02] [Client thread/WARN]: Unable to resolve texture due to upward reference: #side in immersiveengineering:models/block/ieScaffolding
[15:15:02] [Client thread/WARN]: Unable to resolve texture due to upward reference: #side in immersiveengineering:models/block/ieScaffolding
[15:15:02] [Client thread/WARN]: Unable to resolve texture due to upward reference: #side in immersiveengineering:models/block/ieScaffolding
[15:15:02] [Client thread/WARN]: Unable to resolve texture due to upward reference: #side in immersiveengineering:models/block/ieScaffolding
[15:15:02] [Client thread/WARN]: Unable to resolve texture due to upward reference: #side in immersiveengineering:models/block/ieScaffolding
[15:15:02] [Client thread/WARN]: Unable to resolve texture due to upward reference: #side in immersiveengineering:models/block/ieScaffolding
[15:15:07] [Client thread/WARN]: Unable to resolve texture due to upward reference: #side in immersiveengineering:models/block/ieScaffolding
[15:15:07] [Client thread/WARN]: Unable to resolve texture due to upward reference: #side in immersiveengineering:models/block/ieScaffolding
[15:15:07] [Client thread/WARN]: Unable to resolve texture due to upward reference: #side in immersiveengineering:models/block/ieScaffolding
[15:15:07] [Client thread/WARN]: Unable to resolve texture due to upward reference: #side in immersiveengineering:models/block/ieScaffolding
[15:15:08] [Client thread/WARN]: Unable to resolve texture due to upward reference: #side in immersiveengineering:models/block/ieScaffolding
[15:15:08] [Client thread/WARN]: Unable to resolve texture due to upward reference: #side in immersiveengineering:models/block/ieScaffolding
[15:15:08] [Client thread/WARN]: Unable to resolve texture due to upward reference: #side in immersiveengineering:models/block/ieScaffolding
[15:15:08] [Client thread/WARN]: Unable to resolve texture due to upward reference: #side in immersiveengineering:models/block/ieScaffolding
[15:15:08] [Client thread/WARN]: Unable to resolve texture due to upward reference: #side in immersiveengineering:models/block/ieScaffolding
[15:15:08] [Client thread/WARN]: Unable to resolve texture due to upward reference: #side in immersiveengineering:models/block/ieScaffolding
[15:15:08] [Client thread/WARN]: Unable to resolve texture due to upward reference: #side in immersiveengineering:models/block/ieScaffolding
[15:15:08] [Client thread/WARN]: Unable to resolve texture due to upward reference: #side in immersiveengineering:models/block/ieScaffolding
[15:15:09] [Client thread/WARN]: Unable to resolve texture due to upward reference: #side in immersiveengineering:models/block/ieScaffolding
[15:15:09] [Client thread/WARN]: Unable to resolve texture due to upward reference: #side in immersiveengineering:models/block/ieScaffolding
[15:15:09] [Client thread/WARN]: Unable to resolve texture due to upward reference: #side in immersiveengineering:models/block/ieScaffolding
[15:15:09] [Client thread/WARN]: Unable to resolve texture due to upward reference: #side in immersiveengineering:models/block/ieScaffolding
[15:15:09] [Client thread/WARN]: Unable to resolve texture due to upward reference: #side in immersiveengineering:models/block/ieScaffolding
[15:15:10] [Client thread/WARN]: Unable to resolve texture due to upward reference: #side in immersiveengineering:models/block/ieScaffolding
[15:15:10] [Client thread/WARN]: Unable to resolve texture due to upward reference: #side in immersiveengineering:models/block/ieScaffolding
[15:15:10] [Client thread/WARN]: Unable to resolve texture due to upward reference: #side in immersiveengineering:models/block/ieScaffolding
[15:15:10] [Client thread/WARN]: Unable to resolve texture due to upward reference: #side in immersiveengineering:models/block/ieScaffolding
[15:15:10] [Client thread/WARN]: Unable to resolve texture due to upward reference: #side in immersiveengineering:models/block/ieScaffolding
[15:15:10] [Client thread/WARN]: Unable to resolve texture due to upward reference: #side in immersiveengineering:models/block/ieScaffolding
[15:15:10] [Client thread/WARN]: Unable to resolve texture due to upward reference: #side in immersiveengineering:models/block/ieScaffolding
[15:15:10] [Client thread/WARN]: Unable to resolve texture due to upward reference: #side in immersiveengineering:models/block/ieScaffolding
[15:15:10] [Client thread/WARN]: Unable to resolve texture due to upward reference: #side in immersiveengineering:models/block/ieScaffolding
[15:15:10] [Client thread/WARN]: Unable to resolve texture due to upward reference: #side in immersiveengineering:models/block/ieScaffolding
[15:15:10] [Client thread/WARN]: Unable to resolve texture due to upward reference: #side in immersiveengineering:models/block/ieScaffolding
[15:15:10] [Client thread/WARN]: Unable to resolve texture due to upward reference: #side in immersiveengineering:models/block/ieScaffolding
[15:15:10] [Client thread/WARN]: Unable to resolve texture due to upward reference: #side in immersiveengineering:models/block/ieScaffolding
[15:15:11] [Client thread/WARN]: Unable to resolve texture due to upward reference: #side in immersiveengineering:models/block/ieScaffolding
[15:15:11] [Client thread/WARN]: Unable to resolve texture due to upward reference: #side in immersiveengineering:models/block/ieScaffolding
[15:15:12] [Client thread/WARN]: Unable to resolve texture due to upward reference: #side in immersiveengineering:models/block/ieScaffolding
[15:15:12] [Client thread/WARN]: Unable to resolve texture due to upward reference: #side in immersiveengineering:models/block/ieScaffolding
[15:15:12] [Client thread/WARN]: Unable to resolve texture due to upward reference: #side in immersiveengineering:models/block/ieScaffolding
[15:15:12] [Client thread/WARN]: Unable to resolve texture due to upward reference: #side in immersiveengineering:models/block/ieScaffolding
[15:15:12] [Client thread/WARN]: Unable to resolve texture due to upward reference: #side in immersiveengineering:models/block/ieScaffolding
[15:15:12] [Client thread/WARN]: Unable to resolve texture due to upward reference: #side in immersiveengineering:models/block/ieScaffolding
[15:15:12] [Client thread/WARN]: Unable to resolve texture due to upward reference: #side in immersiveengineering:models/block/ieScaffolding
[15:15:12] [Client thread/WARN]: Unable to resolve texture due to upward reference: #side in immersiveengineering:models/block/ieScaffolding
[15:15:12] [Client thread/WARN]: Unable to resolve texture due to upward reference: #side in immersiveengineering:models/block/ieScaffolding
[15:15:12] [Client thread/WARN]: Unable to resolve texture due to upward reference: #side in immersiveengineering:models/block/ieScaffolding
[15:15:13] [Client thread/WARN]: Unable to resolve texture due to upward reference: #side in immersiveengineering:models/block/ieScaffolding
[15:15:13] [Client thread/WARN]: Unable to resolve texture due to upward reference: #side in immersiveengineering:models/block/ieScaffolding
[15:15:13] [Client thread/WARN]: Unable to resolve texture due to upward reference: #side in immersiveengineering:models/block/ieScaffolding
[15:15:13] [Client thread/WARN]: Unable to resolve texture due to upward reference: #side in immersiveengineering:models/block/ieScaffolding
[15:15:13] [Client thread/WARN]: Unable to resolve texture due to upward reference: #side in immersiveengineering:models/block/ieScaffolding
[15:15:13] [Client thread/WARN]: Unable to resolve texture due to upward reference: #side in immersiveengineering:models/block/ieScaffolding
[15:15:14] [Client thread/WARN]: Unable to resolve texture due to upward reference: #side in immersiveengineering:models/block/ieScaffolding
[15:15:14] [Client thread/WARN]: Unable to resolve texture due to upward reference: #side in immersiveengineering:models/block/ieScaffolding
[15:15:14] [Client thread/WARN]: Unable to resolve texture due to upward reference: #side in immersiveengineering:models/block/ieScaffolding
[15:15:14] [Client thread/WARN]: Unable to resolve texture due to upward reference: #side in immersiveengineering:models/block/ieScaffolding
[15:16:17] [Client thread/WARN]: Couldn't find resource table railcraft:chests/village_workshop
[15:16:18] [Client thread/WARN]: Couldn't set damage of loot item 1xitem.darkutils.mystery.potion@0
[15:16:18] [Client thread/WARN]: Couldn't set damage of loot item 1xitem.darkutils.ring@0
[15:16:45] [Client thread/INFO]: Reloading ResourceManager: Default, FMLFileResourcePack:Forge Mod Loader, FMLFileResourcePack:Actually Additions, FMLFileResourcePack:AE2 Stuff, FMLFileResourcePack:Akashic Tome, FMLFileResourcePack:AppleCore, FMLFileResourcePack:AppleSkin, FMLFileResourcePack:Applied Energistics 2, FMLFileResourcePack:Aroma1997Core|Helper, FMLFileResourcePack:AutoRegLib, FMLFileResourcePack:Baubles, FMLFileResourcePack:BetterBedrockGen, FMLFileResourcePack:BD Lib, FMLFileResourcePack:Better Builder's Wands, FMLFileResourcePack:Biomes O' Plenty, FMLFileResourcePack:Blood Magic: Alchemical Wizardry, FMLFileResourcePack:Bookshelf, FMLFileResourcePack:Botania, FMLFileResourcePack:Brandon's Core, FMLFileResourcePack:Chameleon, FMLFileResourcePack:Chisel, FMLFileResourcePack:Chisels & Bits, FMLFileResourcePack:CodeChicken Core, FMLFileResourcePack:CodeChicken Lib, FMLFileResourcePack:Compact Solar Arrays, FMLFileResourcePack:ComputerCraft, FMLFileResourcePack:Controlling, FMLFileResourcePack:Cooking for Blockheads, FMLFileResourcePack:Crafting Tweaks, FMLFileResourcePack:CT-GUI, FMLFileResourcePack:MineTweaker 3, FMLFileResourcePack:Custom Main Menu, FMLFileResourcePack:Dark Utilities, FMLFileResourcePack:DeepResonance, FMLFileResourcePack:Default Options, FMLFileResourcePack:Draconic Evolution, FMLFileResourcePack:ElecCore, FMLFileResourcePack:EnderCore, FMLFileResourcePack:Ender IO, FMLFileResourcePack:EnderStorage, FMLFileResourcePack:Ender Zoo, FMLFileResourcePack:ExtraUtils2, FMLFileResourcePack:Extreme Reactors, FMLFileResourcePack:Fast Leaf Decay, FMLFileResourcePack:Flat Colored Blocks, FMLFileResourcePack:Forestry, FMLFileResourcePack:FTBLib, FMLFileResourcePack:FTBUtilities, FMLFileResourcePack:Funky Locomotion, FMLFileResourcePack:GenDustry, FMLFileResourcePack:Gravestone, FMLFileResourcePack:Guide-API, FMLFileResourcePack:Hardcore Questing Mode, FMLFileResourcePack:Immersive Engineering, FMLFileResourcePack:IndustrialCraft 2, FMLFileResourcePack:Simple Inventory sorting, FMLFileResourcePack:Inventory Tweaks, FMLFileResourcePack:Iron Backpacks, FMLFileResourcePack:Iron Chest, FMLFileResourcePack:Just Enough Items, FMLFileResourcePack:JEI Bees, FMLFileResourcePack:JourneyMap, FMLFileResourcePack:Just Enough Resources, FMLFileResourcePack:Light Level Overlay Reloaded, FMLFileResourcePack:Mantle, FMLFileResourcePack:MCMultiPart, FMLFileResourcePack:Mercurius, FMLFileResourcePack:Morph-o-Tool, FMLFileResourcePack:Morpheus, FMLFileResourcePack:Natura, FMLFileResourcePack:Not Enough Wands, FMLFileResourcePack:OpenComputers, FMLFileResourcePack:Pam's HarvestCraft, FMLFileResourcePack:Platforms, FMLFileResourcePack:Psi, FMLFileResourcePack:Quark, FMLFileResourcePack:Railcraft, FMLFileResourcePack:Random Things, FMLFileResourcePack:Ranged Pumps, FMLFileResourcePack:Refined Storage, FMLFileResourcePack:Reliquary, FMLFileResourcePack:Resource Loader, FMLFileResourcePack:RFTools, FMLFileResourcePack:RFTools Control, FMLFileResourcePack:RFTools Dimensions, FMLFileResourcePack:ShetiPhian-Core, FMLFileResourcePack:Signals, FMLFileResourcePack:Storage Drawers, FMLFileResourcePack:Super Circuit Maker, FMLFileResourcePack:Tinkers' Construct, FMLFileResourcePack:The One Probe, FMLFileResourcePack:Vein Miner, FMLFileResourcePack:Mod Support, FMLFileResourcePack:Waila, FMLFileResourcePack:Waila Harvestability, FMLFileResourcePack:I Can See Everything, FMLFileResourcePack:What Are We Looking At, FMLFileResourcePack:Zero CORE, FMLFileResourcePack:Minecraft Forge, CustomResources, CustomOverridingResources
[15:16:50] [Client thread/WARN]: Invalid sounds.json
java.lang.NullPointerException
	at net.minecraft.client.audio.SoundHandler.func_110549_a(SourceFile:82) [bzw.class:?]
	at net.minecraft.client.resources.SimpleReloadableResourceManager.func_110544_b(SimpleReloadableResourceManager.java:132) [bxi.class:?]
	at net.minecraft.client.resources.SimpleReloadableResourceManager.func_110541_a(SimpleReloadableResourceManager.java:113) [bxi.class:?]
	at net.minecraft.client.Minecraft.func_110436_a(Minecraft.java:755) [bcx.class:?]
	at net.minecraftforge.fml.client.FMLClientHandler.finishMinecraftLoading(FMLClientHandler.java:340) [FMLClientHandler.class:?]
	at net.minecraft.client.Minecraft.func_71384_a(Minecraft.java:520) [bcx.class:?]
	at net.minecraft.client.Minecraft.func_99999_d(Minecraft.java:351) [bcx.class:?]
	at net.minecraft.client.main.Main.main(SourceFile:124) [Main.class:?]
	at sun.reflect.NativeMethodAccessorImpl.invoke0(Native Method) ~[?:1.8.0_91]
	at sun.reflect.NativeMethodAccessorImpl.invoke(NativeMethodAccessorImpl.java:62) ~[?:1.8.0_91]
	at sun.reflect.DelegatingMethodAccessorImpl.invoke(DelegatingMethodAccessorImpl.java:43) ~[?:1.8.0_91]
	at java.lang.reflect.Method.invoke(Method.java:498) ~[?:1.8.0_91]
	at net.minecraft.launchwrapper.Launch.launch(Launch.java:135) [launchwrapper-1.12.jar:?]
	at net.minecraft.launchwrapper.Launch.main(Launch.java:28) [launchwrapper-1.12.jar:?]
[15:16:50] [Client thread/WARN]: File minecraft:sounds/deep_rumble.ogg does not exist, cannot add it to event rftoolsdim:deep_rumble
[15:16:50] [Client thread/WARN]: File minecraft:sounds/teleport_whoosh.ogg does not exist, cannot add it to event rftoolsdim:teleport_whoosh
[15:16:50] [Client thread/WARN]: File minecraft:sounds/teleport_error.ogg does not exist, cannot add it to event rftoolsdim:teleport_error
[15:16:50] [Client thread/WARN]: File minecraft:sounds/wolfhowl.ogg does not exist, cannot add it to event rftoolsdim:wolfhowl
[15:16:50] [Client thread/INFO]: SoundSystem shutting down...
[15:16:50] [Client thread/WARN]: Author: Paul Lamb, www.paulscode.com
[15:16:50] [Sound Library Loader/INFO]: Starting up SoundSystem...
[15:16:50] [Thread-30/INFO]: Initializing LWJGL OpenAL
[15:16:50] [Thread-30/INFO]: (The LWJGL binding of OpenAL.  For more information, see http://www.lwjgl.org)
[15:16:50] [Thread-30/INFO]: OpenAL initialized.
[15:16:51] [Sound Library Loader/INFO]: Sound engine started
[15:17:33] [Client thread/WARN]: Texture bigreactors:textures/guiIcons/On_on.png with size 18x18 will have visual artifacts at mip level 4, it can only support level 1. Please report to the mod author that the texture should be some multiple of 16x16.
[15:17:33] [Client thread/WARN]: Texture bigreactors:textures/guiIcons/hotFluidIn.png with size 17x17 will have visual artifacts at mip level 4, it can only support level 0. Please report to the mod author that the texture should be some multiple of 16x16.
[15:17:34] [Client thread/WARN]: Texture bigreactors:textures/guiIcons/coolantOut.png with size 17x17 will have visual artifacts at mip level 4, it can only support level 0. Please report to the mod author that the texture should be some multiple of 16x16.
[15:17:35] [Client thread/WARN]: Texture bigreactors:textures/guiIcons/wasteEject_off.png with size 18x18 will have visual artifacts at mip level 4, it can only support level 1. Please report to the mod author that the texture should be some multiple of 16x16.
[15:17:35] [Client thread/WARN]: Texture bigreactors:textures/guiIcons/On_off.png with size 18x18 will have visual artifacts at mip level 4, it can only support level 1. Please report to the mod author that the texture should be some multiple of 16x16.
[15:17:35] [Client thread/WARN]: Texture bigreactors:textures/guiIcons/hotFluidOut.png with size 17x17 will have visual artifacts at mip level 4, it can only support level 0. Please report to the mod author that the texture should be some multiple of 16x16.
[15:17:37] [Client thread/WARN]: Texture bigreactors:textures/guiIcons/wasteManual_off.png with size 18x18 will have visual artifacts at mip level 4, it can only support level 1. Please report to the mod author that the texture should be some multiple of 16x16.
[15:17:37] [Client thread/WARN]: Texture immersiveengineering:textures/blocks/metalMultiblock_silo.png with size 88x88 will have visual artifacts at mip level 4, it can only support level 3. Please report to the mod author that the texture should be some multiple of 16x16.
[15:17:37] [Client thread/WARN]: Texture bigreactors:textures/items/turbine/legacy/housingCoreTop.png with size 9x9 will have visual artifacts at mip level 4, it can only support level 0. Please report to the mod author that the texture should be some multiple of 16x16.
[15:17:37] [Client thread/WARN]: Texture bigreactors:textures/guiIcons/Off_off.png with size 18x18 will have visual artifacts at mip level 4, it can only support level 1. Please report to the mod author that the texture should be some multiple of 16x16.
[15:17:37] [Client thread/WARN]: Texture bigreactors:textures/guiIcons/Off_on.png with size 18x18 will have visual artifacts at mip level 4, it can only support level 1. Please report to the mod author that the texture should be some multiple of 16x16.
[15:17:37] [Client thread/WARN]: Texture bigreactors:textures/guiIcons/wasteEject_on.png with size 18x18 will have visual artifacts at mip level 4, it can only support level 1. Please report to the mod author that the texture should be some multiple of 16x16.
[15:17:38] [Client thread/WARN]: Texture bigreactors:textures/guiIcons/wasteManual_on.png with size 18x18 will have visual artifacts at mip level 4, it can only support level 1. Please report to the mod author that the texture should be some multiple of 16x16.
[15:17:38] [Client thread/WARN]: Texture bigreactors:textures/guiIcons/coolantIn.png with size 17x17 will have visual artifacts at mip level 4, it can only support level 0. Please report to the mod author that the texture should be some multiple of 16x16.
[15:18:09] [Client thread/INFO]: Created: 4096x2048 textures-atlas
[15:18:21] [Client thread/WARN]: Unable to resolve texture due to upward reference: #side in immersiveengineering:models/block/ieScaffolding
[15:18:21] [Client thread/WARN]: Unable to resolve texture due to upward reference: #side in immersiveengineering:models/block/ieScaffolding
[15:18:21] [Client thread/WARN]: Unable to resolve texture due to upward reference: #side in immersiveengineering:models/block/ieScaffolding
[15:18:21] [Client thread/WARN]: Unable to resolve texture due to upward reference: #side in immersiveengineering:models/block/ieScaffolding
[15:18:22] [Client thread/WARN]: Unable to resolve texture due to upward reference: #side in immersiveengineering:models/block/ieScaffolding
[15:18:22] [Client thread/WARN]: Unable to resolve texture due to upward reference: #side in immersiveengineering:models/block/ieScaffolding
[15:18:22] [Client thread/WARN]: Unable to resolve texture due to upward reference: #side in immersiveengineering:models/block/ieScaffolding
[15:18:22] [Client thread/WARN]: Unable to resolve texture due to upward reference: #side in immersiveengineering:models/block/ieScaffolding
[15:18:22] [Client thread/WARN]: Unable to resolve texture due to upward reference: #side in immersiveengineering:models/block/ieScaffolding
[15:18:23] [Client thread/WARN]: Unable to resolve texture due to upward reference: #side in immersiveengineering:models/block/ieScaffolding
[15:18:23] [Client thread/WARN]: Unable to resolve texture due to upward reference: #side in immersiveengineering:models/block/ieScaffolding
[15:18:23] [Client thread/WARN]: Unable to resolve texture due to upward reference: #side in immersiveengineering:models/block/ieScaffolding
[15:18:23] [Client thread/WARN]: Unable to resolve texture due to upward reference: #side in immersiveengineering:models/block/ieScaffolding
[15:18:23] [Client thread/WARN]: Unable to resolve texture due to upward reference: #side in immersiveengineering:models/block/ieScaffolding
[15:18:23] [Client thread/WARN]: Unable to resolve texture due to upward reference: #side in immersiveengineering:models/block/ieScaffolding
[15:18:23] [Client thread/WARN]: Unable to resolve texture due to upward reference: #side in immersiveengineering:models/block/ieScaffolding
[15:18:24] [Client thread/WARN]: Unable to resolve texture due to upward reference: #side in immersiveengineering:models/block/ieScaffolding
[15:18:24] [Client thread/WARN]: Unable to resolve texture due to upward reference: #side in immersiveengineering:models/block/ieScaffolding
[15:18:24] [Client thread/WARN]: Unable to resolve texture due to upward reference: #side in immersiveengineering:models/block/ieScaffolding
[15:18:24] [Client thread/WARN]: Unable to resolve texture due to upward reference: #side in immersiveengineering:models/block/ieScaffolding
[15:18:24] [Client thread/WARN]: Unable to resolve texture due to upward reference: #side in immersiveengineering:models/block/ieScaffolding
[15:18:25] [Client thread/WARN]: Unable to resolve texture due to upward reference: #side in immersiveengineering:models/block/ieScaffolding
[15:18:25] [Client thread/WARN]: Unable to resolve texture due to upward reference: #side in immersiveengineering:models/block/ieScaffolding
[15:18:25] [Client thread/WARN]: Unable to resolve texture due to upward reference: #side in immersiveengineering:models/block/ieScaffolding
[15:18:25] [Client thread/WARN]: Unable to resolve texture due to upward reference: #side in immersiveengineering:models/block/ieScaffolding
[15:18:25] [Client thread/WARN]: Unable to resolve texture due to upward reference: #side in immersiveengineering:models/block/ieScaffolding
[15:18:25] [Client thread/WARN]: Unable to resolve texture due to upward reference: #side in immersiveengineering:models/block/ieScaffolding
[15:18:26] [Client thread/WARN]: Unable to resolve texture due to upward reference: #side in immersiveengineering:models/block/ieScaffolding
[15:18:26] [Client thread/WARN]: Unable to resolve texture due to upward reference: #side in immersiveengineering:models/block/ieScaffolding
[15:18:26] [Client thread/WARN]: Unable to resolve texture due to upward reference: #side in immersiveengineering:models/block/ieScaffolding
[15:18:26] [Client thread/WARN]: Unable to resolve texture due to upward reference: #side in immersiveengineering:models/block/ieScaffolding
[15:18:26] [Client thread/WARN]: Unable to resolve texture due to upward reference: #side in immersiveengineering:models/block/ieScaffolding
[15:18:26] [Client thread/WARN]: Unable to resolve texture due to upward reference: #side in immersiveengineering:models/block/ieScaffolding
[15:18:26] [Client thread/WARN]: Unable to resolve texture due to upward reference: #side in immersiveengineering:models/block/ieScaffolding
[15:18:27] [Client thread/WARN]: Unable to resolve texture due to upward reference: #side in immersiveengineering:models/block/ieScaffolding
[15:18:27] [Client thread/WARN]: Unable to resolve texture due to upward reference: #side in immersiveengineering:models/block/ieScaffolding
[15:18:27] [Client thread/WARN]: Unable to resolve texture due to upward reference: #side in immersiveengineering:models/block/ieScaffolding
[15:18:27] [Client thread/WARN]: Unable to resolve texture due to upward reference: #side in immersiveengineering:models/block/ieScaffolding
[15:18:27] [Client thread/WARN]: Unable to resolve texture due to upward reference: #side in immersiveengineering:models/block/ieScaffolding
[15:18:27] [Client thread/WARN]: Unable to resolve texture due to upward reference: #pane in chisel:models/block/pane/pane_n
[15:18:27] [Client thread/WARN]: Unable to resolve texture due to upward reference: #pane in chisel:models/block/pane/pane_n
[15:18:27] [Client thread/WARN]: Unable to resolve texture due to upward reference: #pane in chisel:models/block/pane/pane_n
[15:18:27] [Client thread/WARN]: Unable to resolve texture due to upward reference: #pane in chisel:models/block/pane/pane_n
[15:18:27] [Client thread/WARN]: Unable to resolve texture due to upward reference: #pane in chisel:models/block/pane/pane_ne
[15:18:27] [Client thread/WARN]: Unable to resolve texture due to upward reference: #pane in chisel:models/block/pane/pane_ne
[15:18:27] [Client thread/WARN]: Unable to resolve texture due to upward reference: #pane in chisel:models/block/pane/pane_ne
[15:18:27] [Client thread/WARN]: Unable to resolve texture due to upward reference: #pane in chisel:models/block/pane/pane_ne
[15:18:27] [Client thread/WARN]: Unable to resolve texture due to upward reference: #pane in chisel:models/block/pane/pane_ns
[15:18:27] [Client thread/WARN]: Unable to resolve texture due to upward reference: #pane in chisel:models/block/pane/pane_ns
[15:18:27] [Client thread/WARN]: Unable to resolve texture due to upward reference: #pane in chisel:models/block/pane/pane_nse
[15:18:27] [Client thread/WARN]: Unable to resolve texture due to upward reference: #pane in chisel:models/block/pane/pane_nse
[15:18:27] [Client thread/WARN]: Unable to resolve texture due to upward reference: #pane in chisel:models/block/pane/pane_nse
[15:18:27] [Client thread/WARN]: Unable to resolve texture due to upward reference: #pane in chisel:models/block/pane/pane_nse
[15:18:27] [Client thread/WARN]: Unable to resolve texture due to upward reference: #side in immersiveengineering:models/block/ieScaffolding
[15:18:28] [Client thread/WARN]: Unable to resolve texture due to upward reference: #side in immersiveengineering:models/block/ieScaffolding
[15:18:28] [Client thread/WARN]: Unable to resolve texture due to upward reference: #side in immersiveengineering:models/block/ieScaffolding
[15:18:29] [Client thread/WARN]: Unable to resolve texture due to upward reference: #side in immersiveengineering:models/block/ieScaffolding
[15:18:29] [Client thread/WARN]: Unable to resolve texture due to upward reference: #side in immersiveengineering:models/block/ieScaffolding
[15:18:29] [Client thread/WARN]: Unable to resolve texture due to upward reference: #side in immersiveengineering:models/block/ieScaffolding
[15:18:29] [Client thread/WARN]: Unable to resolve texture due to upward reference: #side in immersiveengineering:models/block/ieScaffolding
[15:18:29] [Client thread/WARN]: Unable to resolve texture due to upward reference: #side in immersiveengineering:models/block/ieScaffolding
[15:18:29] [Client thread/WARN]: Unable to resolve texture due to upward reference: #side in immersiveengineering:models/block/ieScaffolding
[15:18:29] [Client thread/WARN]: Unable to resolve texture due to upward reference: #side in immersiveengineering:models/block/ieScaffolding
[15:18:29] [Client thread/WARN]: Unable to resolve texture due to upward reference: #side in immersiveengineering:models/block/ieScaffolding
[15:18:29] [Client thread/WARN]: Unable to resolve texture due to upward reference: #side in immersiveengineering:models/block/ieScaffolding
[15:18:46] [Client thread/WARN]: Unable to resolve texture due to upward reference: #side in immersiveengineering:models/block/ieScaffolding
[15:18:46] [Client thread/WARN]: Unable to resolve texture due to upward reference: #side in immersiveengineering:models/block/ieScaffolding
[15:18:46] [Client thread/WARN]: Unable to resolve texture due to upward reference: #side in immersiveengineering:models/block/ieScaffolding
[15:18:47] [Client thread/WARN]: Unable to resolve texture due to upward reference: #side in immersiveengineering:models/block/ieScaffolding
[15:18:48] [Client thread/WARN]: Unable to resolve texture due to upward reference: #side in immersiveengineering:models/block/ieScaffolding
[15:18:48] [Client thread/WARN]: Unable to resolve texture due to upward reference: #side in immersiveengineering:models/block/ieScaffolding
[15:18:49] [Client thread/WARN]: Unable to resolve texture due to upward reference: #side in immersiveengineering:models/block/ieScaffolding
[15:18:50] [Client thread/WARN]: Unable to resolve texture due to upward reference: #side in immersiveengineering:models/block/ieScaffolding
[15:18:50] [Client thread/WARN]: Unable to resolve texture due to upward reference: #side in immersiveengineering:models/block/ieScaffolding
[15:18:50] [Client thread/WARN]: Unable to resolve texture due to upward reference: #side in immersiveengineering:models/block/ieScaffolding
[15:18:50] [Client thread/WARN]: Unable to resolve texture due to upward reference: #side in immersiveengineering:models/block/ieScaffolding
[15:18:50] [Client thread/WARN]: Unable to resolve texture due to upward reference: #side in immersiveengineering:models/block/ieScaffolding
[15:18:50] [Client thread/WARN]: Unable to resolve texture due to upward reference: #side in immersiveengineering:models/block/ieScaffolding
[15:18:50] [Client thread/WARN]: Unable to resolve texture due to upward reference: #side in immersiveengineering:models/block/ieScaffolding
[15:19:10] [Client thread/WARN]: Unable to resolve texture due to upward reference: #side in immersiveengineering:models/block/ieScaffolding
[15:19:10] [Client thread/WARN]: Unable to resolve texture due to upward reference: #side in immersiveengineering:models/block/ieScaffolding
[15:19:11] [Client thread/WARN]: Unable to resolve texture due to upward reference: #side in immersiveengineering:models/block/ieScaffolding
[15:19:11] [Client thread/WARN]: Unable to resolve texture due to upward reference: #side in immersiveengineering:models/block/ieScaffolding
[15:19:11] [Client thread/WARN]: Unable to resolve texture due to upward reference: #side in immersiveengineering:models/block/ieScaffolding
[15:19:12] [Client thread/WARN]: Unable to resolve texture due to upward reference: #side in immersiveengineering:models/block/ieScaffolding
[15:19:12] [Client thread/WARN]: Unable to resolve texture due to upward reference: #side in immersiveengineering:models/block/ieScaffolding
[15:19:12] [Client thread/WARN]: Unable to resolve texture due to upward reference: #side in immersiveengineering:models/block/ieScaffolding
[15:19:12] [Client thread/WARN]: Unable to resolve texture due to upward reference: #side in immersiveengineering:models/block/ieScaffolding
[15:19:12] [Client thread/WARN]: Unable to resolve texture due to upward reference: #side in immersiveengineering:models/block/ieScaffolding
[15:19:13] [Client thread/WARN]: Unable to resolve texture due to upward reference: #side in immersiveengineering:models/block/ieScaffolding
[15:19:13] [Client thread/WARN]: Unable to resolve texture due to upward reference: #side in immersiveengineering:models/block/ieScaffolding
[15:19:28] [Client thread/WARN]: Unable to resolve texture due to upward reference: #side in immersiveengineering:models/block/ieScaffolding
[15:19:28] [Client thread/WARN]: Unable to resolve texture due to upward reference: #side in immersiveengineering:models/block/ieScaffolding
[15:19:28] [Client thread/WARN]: Unable to resolve texture due to upward reference: #side in immersiveengineering:models/block/ieScaffolding
[15:19:28] [Client thread/WARN]: Unable to resolve texture due to upward reference: #side in immersiveengineering:models/block/ieScaffolding
[15:19:28] [Client thread/WARN]: Unable to resolve texture due to upward reference: #side in immersiveengineering:models/block/ieScaffolding
[15:19:28] [Client thread/WARN]: Unable to resolve texture due to upward reference: #side in immersiveengineering:models/block/ieScaffolding
[15:19:28] [Client thread/WARN]: Unable to resolve texture due to upward reference: #side in immersiveengineering:models/block/ieScaffolding
[15:19:28] [Client thread/WARN]: Unable to resolve texture due to upward reference: #side in immersiveengineering:models/block/ieScaffolding
[15:19:28] [Client thread/WARN]: Unable to resolve texture due to upward reference: #side in immersiveengineering:models/block/ieScaffolding
[15:19:28] [Client thread/WARN]: Unable to resolve texture due to upward reference: #side in immersiveengineering:models/block/ieScaffolding
[15:19:29] [Client thread/WARN]: Unable to resolve texture due to upward reference: #side in immersiveengineering:models/block/ieScaffolding
[15:19:34] [Client thread/WARN]: Unable to resolve texture due to upward reference: #side in immersiveengineering:models/block/ieScaffolding
[15:19:34] [Client thread/WARN]: Unable to resolve texture due to upward reference: #side in immersiveengineering:models/block/ieScaffolding
[15:19:35] [Client thread/WARN]: Unable to resolve texture due to upward reference: #side in immersiveengineering:models/block/ieScaffolding
[15:19:35] [Client thread/WARN]: Unable to resolve texture due to upward reference: #side in immersiveengineering:models/block/ieScaffolding
[15:19:35] [Client thread/WARN]: Unable to resolve texture due to upward reference: #side in immersiveengineering:models/block/ieScaffolding
[15:19:35] [Client thread/WARN]: Unable to resolve texture due to upward reference: #side in immersiveengineering:models/block/ieScaffolding
[15:19:35] [Client thread/WARN]: Unable to resolve texture due to upward reference: #side in immersiveengineering:models/block/ieScaffolding
[15:19:48] [Client thread/WARN]: Unable to resolve texture due to upward reference: #side in immersiveengineering:models/block/ieScaffolding
[15:20:44] [Client thread/WARN]: Skipping bad option: lastServer:
[15:22:08] [Server thread/INFO]: Starting integrated minecraft server version 1.10.2
[15:22:08] [Server thread/INFO]: Generating keypair
[15:22:18] [Server thread/WARN]: Couldn't find resource table railcraft:chests/village_workshop
[15:22:19] [Server thread/INFO]: Preparing start region for level 0
[15:22:20] [Server thread/INFO]: Preparing spawn area: 0%
[15:22:21] [Server thread/INFO]: Preparing spawn area: 17%
[15:22:58] [Server thread/INFO]: FTBLib: Server reloaded in 50ms
[15:23:00] [Server thread/INFO]: Changing view distance to 12, from 10
[15:23:02] [Server thread/INFO]: knowonehome[local:E:1a3f0cc7] logged in with entity id 89 at (2331.5, 4.0, -248.5)
[15:23:02] [Server thread/INFO]: knowonehome joined the game
[15:23:28] [Server thread/INFO]: Saving and pausing game...
[15:23:28] [Server thread/INFO]: Saving chunks for level 'Test world'/Overworld
[15:23:29] [Client thread/INFO]: [CHAT] §aOpenComputers§f: There were §cerrors§f running the class transformer. Please report this, together with your (full!) FML §alatest.log§f/§afml-server-latest.log§f logfile, thank you!
[15:23:29] [Server thread/INFO]: Saving chunks for level 'Test world'/Nether
[15:23:29] [Server thread/INFO]: Saving chunks for level 'Test world'/The End
[15:23:29] [Server thread/INFO]: Saving chunks for level 'Test world'/Deep Dark
[15:23:29] [Server thread/INFO]: Saving chunks for level 'Test world'/Overworld
[15:23:29] [Server thread/INFO]: Saving chunks for level 'Test world'/ExtraUtils2_Quarry_Dim
[15:23:30] [Server thread/WARN]: Can't keep up! Did the system time change, or is the server overloaded? Running 29780ms behind, skipping 595 tick(s)
[15:23:36] [Client thread/INFO]: [CHAT] This server doesn't have Hardcore Questing Mode enabled.
[15:23:38] [Client thread/INFO]: [CHAT] Veinminer using client keybind. See mod config for details.
[15:23:38] [Client thread/INFO]: [CHAT] Veinminer client keybind set to activate on pressing the key.
[15:23:39] [Client thread/INFO]: [CHAT] InvTweaks: Configuration loaded.
[15:23:39] [Client thread/INFO]: [CHAT] You should update Psi, get it from the webpsite.
[15:23:39] [Client thread/INFO]: [CHAT] You are running Psi build 41, the latest is build 42.
[15:23:39] [Client thread/INFO]: [CHAT] Click for... [Download] [Website] [Changelog]
[15:23:39] [Client thread/INFO]: [CHAT] Let's play a drinking game, have a drink every time Botania updates. *hic*
[15:23:39] [Client thread/INFO]: [CHAT] You are running Botania build 337, the latest is build 339.
[15:23:39] [Client thread/INFO]: [CHAT] Click for... [Download] [Website] [Changelog]
[15:23:41] [Server thread/WARN]: Can't keep up! Did the system time change, or is the server overloaded? Running 2324ms behind, skipping 46 tick(s)
[15:23:48] [Client thread/INFO]: [CHAT] §eJourneyMap:§f Press [§bJ§f]
[15:24:00] [Server thread/INFO]: Saving and pausing game...
[15:24:00] [Server thread/INFO]: Saving chunks for level 'Test world'/Overworld
[15:24:00] [Server thread/INFO]: Saving chunks for level 'Test world'/Nether
[15:24:00] [Server thread/INFO]: Saving chunks for level 'Test world'/The End
[15:24:00] [Server thread/INFO]: Saving chunks for level 'Test world'/Deep Dark
[15:24:00] [Server thread/INFO]: Saving chunks for level 'Test world'/Overworld
[15:24:00] [Server thread/INFO]: Saving chunks for level 'Test world'/ExtraUtils2_Quarry_Dim
[15:24:10] [Client thread/INFO]: [CHAT] There is an Update for Actually Additions available!
[15:24:10] [Client thread/INFO]: [CHAT] Current Version: 1.10.2-r70, newest Version: 1.10.2-r88
[15:24:10] [Client thread/INFO]: [CHAT] [Click for Changelog] [Click for Download]
[15:24:15] [Server thread/WARN]: Can't keep up! Did the system time change, or is the server overloaded? Running 15047ms behind, skipping 300 tick(s)
[15:24:18] [Server thread/WARN]: Can't keep up! Did the system time change, or is the server overloaded? Running 2874ms behind, skipping 57 tick(s)
[15:24:23] [Server thread/INFO]: Saving and pausing game...
[15:24:23] [Server thread/INFO]: Saving chunks for level 'Test world'/Overworld
[15:24:23] [Server thread/INFO]: Saving chunks for level 'Test world'/Nether
[15:24:23] [Server thread/INFO]: Saving chunks for level 'Test world'/The End
[15:24:23] [Server thread/INFO]: Saving chunks for level 'Test world'/Deep Dark
[15:24:23] [Server thread/INFO]: Saving chunks for level 'Test world'/Overworld
[15:24:23] [Server thread/INFO]: Saving chunks for level 'Test world'/ExtraUtils2_Quarry_Dim
[15:24:34] [Server thread/INFO]: knowonehome has just earned the achievement [Taking Inventory]
[15:24:34] [Server thread/WARN]: Can't keep up! Did the system time change, or is the server overloaded? Running 3168ms behind, skipping 63 tick(s)
[15:24:35] [Client thread/INFO]: [CHAT] knowonehome has just earned the achievement [Taking Inventory]
[15:24:37] [Server thread/INFO]: Saving and pausing game...
[15:24:37] [Server thread/INFO]: Saving chunks for level 'Test world'/Overworld
[15:24:37] [Server thread/INFO]: Saving chunks for level 'Test world'/Nether
[15:24:37] [Server thread/INFO]: Saving chunks for level 'Test world'/The End
[15:24:37] [Server thread/INFO]: Saving chunks for level 'Test world'/Deep Dark
[15:24:37] [Server thread/INFO]: Saving chunks for level 'Test world'/Overworld
[15:24:37] [Server thread/INFO]: Saving chunks for level 'Test world'/ExtraUtils2_Quarry_Dim
[15:24:38] [Server thread/INFO]: Stopping server
[15:24:38] [Server thread/INFO]: Saving players
[15:24:38] [Server thread/INFO]: Saving worlds
[15:24:38] [Server thread/INFO]: Saving chunks for level 'Test world'/Overworld
[15:24:38] [Server thread/INFO]: Saving chunks for level 'Test world'/Nether
[15:24:38] [Server thread/INFO]: Saving chunks for level 'Test world'/The End
[15:24:38] [Server thread/INFO]: Saving chunks for level 'Test world'/Deep Dark
[15:24:38] [Server thread/INFO]: Saving chunks for level 'Test world'/Overworld
[15:24:38] [Server thread/INFO]: Saving chunks for level 'Test world'/ExtraUtils2_Quarry_Dim
[15:24:58] [Client thread/INFO]: Stopping!
[15:24:58] [Client thread/INFO]: SoundSystem shutting down...
[15:24:58] [Client thread/WARN]: Author: Paul Lamb, www.paulscode.com
